<?xml version="1.0" encoding="UTF-8"?>
<!-- Generated by org.testng.reporters.JUnitReportReporter -->
<testsuite hostname="DESKTOP-TCCOMSR" failures="0" tests="4" name="ui.DemoProvider" time="12.802" errors="0" timestamp="2022-12-02T14:31:10 GMT+01:00" skipped="0">
  <testcase classname="ui.DemoProvider" name="testDemo" time="2.283"/>
  <system-out/>
  <testcase classname="ui.DemoProvider" name="testDemo" time="6.968"/>
  <system-out/>
  <testcase classname="ui.DemoProvider" name="testDemo" time="1.893"/>
  <system-out/>
  <testcase classname="ui.DemoProvider" name="testDemo" time="1.658"/>
  <system-out/>
</testsuite> <!-- ui.DemoProvider -->
