<?xml version="1.0" encoding="UTF-8"?>
<!-- Generated by org.testng.reporters.JUnitReportReporter -->
<testsuite hostname="DESKTOP-TCCOMSR" failures="0" tests="3" name="register_User.R_AddProductReviewTest" time="9.898" errors="0" timestamp="2023-02-01T09:25:28 GMT+01:00" skipped="0">
  <testcase classname="register_User.R_AddProductReviewTest" name="UserRegisterSuccessfully" time="3.378"/>
  <system-out/>
  <testcase classname="register_User.R_AddProductReviewTest" name="userSearchProductswithSuggest" time="4.589"/>
  <system-out/>
  <testcase classname="register_User.R_AddProductReviewTest" name="registeredCanaddReview" time="1.931"/>
  <system-out/>
</testsuite> <!-- register_User.R_AddProductReviewTest -->
