<?xml version="1.0" encoding="UTF-8"?>
<!-- Generated by org.testng.reporters.JUnitReportReporter -->
<testsuite hostname="DESKTOP-TCCOMSR" failures="0" tests="4" name="ui.DemoProvider" time="8.223" errors="0" timestamp="2022-07-15T14:52:21 GMT+01:00" skipped="0">
  <testcase classname="ui.DemoProvider" name="test" time="2.159"/>
  <system-out/>
  <testcase classname="ui.DemoProvider" name="test" time="1.843"/>
  <system-out/>
  <testcase classname="ui.DemoProvider" name="test" time="1.591"/>
  <system-out/>
  <testcase classname="ui.DemoProvider" name="test" time="2.630"/>
  <system-out/>
</testsuite> <!-- ui.DemoProvider -->
