<?xml version="1.0" encoding="UTF-8"?>
<!-- Generated by org.testng.reporters.JUnitReportReporter -->
<testsuite hostname="DESKTOP-TCCOMSR" failures="0" tests="4" name="ui.LoginTest" time="0.007" errors="0" timestamp="2022-07-13T14:01:53 GMT+01:00" skipped="0">
  <testcase classname="ui.LoginTest" name="loginOut" time="0.002"/>
  <system-out/>
  <testcase classname="ui.LoginTest" name="loginOut" time="0.003"/>
  <system-out/>
  <testcase classname="ui.LoginTest" name="loginTest" time="0.001"/>
  <system-out/>
  <testcase classname="ui.LoginTest" name="loginTest" time="0.001"/>
  <system-out/>
</testsuite> <!-- ui.LoginTest -->
