<?xml version="1.0" encoding="UTF-8"?>
<!-- Generated by org.testng.reporters.JUnitReportReporter -->
<testsuite hostname="DESKTOP-TCCOMSR" failures="0" tests="2" name="register_User.R_SearchProductTest" time="5.092" errors="0" timestamp="2023-01-28T09:35:22 GMT+01:00" skipped="0">
  <testcase classname="register_User.R_SearchProductTest" name="userSearchForProducts" time="1.526"/>
  <system-out/>
  <testcase classname="register_User.R_SearchProductTest" name="userSearchProductswithSuggest" time="3.566"/>
  <system-out/>
</testsuite> <!-- register_User.R_SearchProductTest -->
