<?xml version="1.0" encoding="UTF-8"?>
<!-- Generated by org.testng.reporters.JUnitReportReporter -->
<testsuite hostname="DESKTOP-TCCOMSR" failures="0" tests="1" name="assuranceAutomation.TC002_GET_REQ" time="2.217" errors="0" timestamp="2022-09-14T08:59:07 GMT+01:00" skipped="0">
  <testcase classname="assuranceAutomation.TC002_GET_REQ" name="getWeatherDetail" time="2.217"/>
  <system-out/>
</testsuite> <!-- assuranceAutomation.TC002_GET_REQ -->
