<?xml version="1.0" encoding="UTF-8"?>
<!-- Generated by org.testng.reporters.JUnitReportReporter -->
<testsuite hostname="DESKTOP-TCCOMSR" failures="0" tests="1" name="datadrivertestng.DataDrivenExcel" time="0.000" errors="0" timestamp="2022-12-08T13:41:49 GMT+01:00" skipped="1">
  <testcase classname="datadrivertestng.DataDrivenExcel" name="postNewEmployeL" time="0.000">
    <skipped/>
  </testcase> <!-- postNewEmployeL -->
  <system-out/>
</testsuite> <!-- datadrivertestng.DataDrivenExcel -->
