<?xml version="1.0" encoding="UTF-8"?>
<!-- Generated by org.testng.reporters.JUnitReportReporter -->
<testsuite hostname="DESKTOP-TCCOMSR" failures="0" tests="1" name="datepicker.BookingSearch" time="5.830" errors="0" timestamp="2022-12-13T17:45:24 GMT+01:00" skipped="0">
  <testcase classname="datepicker.BookingSearch" name="bookingsearchdate" time="5.830"/>
  <system-out/>
</testsuite> <!-- datepicker.BookingSearch -->
