<?xml version="1.0" encoding="UTF-8"?>
<!-- Generated by org.testng.reporters.JUnitReportReporter -->
<testsuite hostname="DESKTOP-TCCOMSR" failures="0" tests="8" name="ui.GroupTest" time="0.021" errors="0" timestamp="2022-07-13T14:01:53 GMT+01:00" skipped="0">
  <testcase classname="ui.GroupTest" name="bTest2" time="0.010"/>
  <system-out/>
  <testcase classname="ui.GroupTest" name="bTest3" time="0.001"/>
  <system-out/>
  <testcase classname="ui.GroupTest" name="bTest2" time="0.002"/>
  <system-out/>
  <testcase classname="ui.GroupTest" name="bTest3" time="0.002"/>
  <system-out/>
  <testcase classname="ui.GroupTest" name="aTest2" time="0.001"/>
  <system-out/>
  <testcase classname="ui.GroupTest" name="aTest1" time="0.002"/>
  <system-out/>
  <testcase classname="ui.GroupTest" name="aTest1" time="0.001"/>
  <system-out/>
  <testcase classname="ui.GroupTest" name="aTest2" time="0.002"/>
  <system-out/>
</testsuite> <!-- ui.GroupTest -->
