<?xml version="1.0" encoding="UTF-8"?>
<!-- Generated by org.testng.reporters.JUnitReportReporter -->
<testsuite hostname="DESKTOP-TCCOMSR" failures="0" tests="2" name="register_User.R_UserRegisterTest" time="1.810" errors="0" timestamp="2023-01-17T12:26:20 GMT+01:00" skipped="0">
  <testcase classname="register_User.R_UserRegisterTest" name="logout_user" time="0.612"/>
  <system-out/>
  <testcase classname="register_User.R_UserRegisterTest" name="login_user" time="1.198"/>
  <system-out/>
</testsuite> <!-- register_User.R_UserRegisterTest -->
