<?xml version="1.0" encoding="UTF-8"?>
<!-- Generated by org.testng.reporters.JUnitReportReporter -->
<testsuite hostname="DESKTOP-TCCOMSR" failures="0" tests="1" name="register_User.R_AddProductComapre" time="8.900" errors="0" timestamp="2023-01-31T14:19:51 GMT+01:00" skipped="0">
  <testcase classname="register_User.R_AddProductComapre" name="userAddProductCompare" time="8.900"/>
  <system-out/>
</testsuite> <!-- register_User.R_AddProductComapre -->
