<?xml version="1.0" encoding="UTF-8"?>
<!-- Generated by org.testng.reporters.JUnitReportReporter -->
<testsuite hostname="DESKTOP-TCCOMSR" failures="0" tests="3" name="ui.DataProvidTest" time="0.012" errors="0" timestamp="2022-07-15T10:16:59 GMT+01:00" skipped="0">
  <testcase classname="ui.DataProvidTest" name="test1" time="0.001"/>
  <system-out/>
  <testcase classname="ui.DataProvidTest" name="test1" time="0.010"/>
  <system-out/>
  <testcase classname="ui.DataProvidTest" name="test1" time="0.001"/>
  <system-out/>
</testsuite> <!-- ui.DataProvidTest -->
