<?xml version="1.0" encoding="UTF-8"?>
<!-- Generated by org.testng.reporters.JUnitReportReporter -->
<testsuite hostname="DESKTOP-TCCOMSR" failures="0" tests="5" name="datepicker.BookingSearch" time="18.299" errors="0" timestamp="2022-12-22T15:51:16 GMT+01:00" skipped="0">
  <testcase classname="datepicker.BookingSearch" name="Hammamet" time="3.230"/>
  <system-out/>
  <testcase classname="datepicker.BookingSearch" name="bookingsearchdate" time="2.612"/>
  <system-out/>
  <testcase classname="datepicker.BookingSearch" name="bookingsearchdatedepart" time="2.506"/>
  <system-out/>
  <testcase classname="datepicker.BookingSearch" name="ageEnfant" time="4.873"/>
  <system-out/>
  <testcase classname="datepicker.BookingSearch" name="selectroom" time="5.078"/>
  <system-out/>
</testsuite> <!-- datepicker.BookingSearch -->
