<?xml version="1.0" encoding="UTF-8"?>
<!-- Generated by org.testng.reporters.JUnitReportReporter -->
<testsuite hostname="DESKTOP-TCCOMSR" failures="0" tests="3" name="datadrivertestng.DataDrivenAddNewEmplL" time="4.267" errors="0" timestamp="2022-12-07T16:47:37 GMT+01:00" skipped="0">
  <testcase classname="datadrivertestng.DataDrivenAddNewEmplL" name="postNewEmployeL" time="0.787"/>
  <system-out/>
  <testcase classname="datadrivertestng.DataDrivenAddNewEmplL" name="postNewEmployeL" time="0.711"/>
  <system-out/>
  <testcase classname="datadrivertestng.DataDrivenAddNewEmplL" name="postNewEmployeL" time="2.769"/>
  <system-out/>
</testsuite> <!-- datadrivertestng.DataDrivenAddNewEmplL -->
