<?xml version="1.0" encoding="UTF-8"?>
<!-- Generated by org.testng.reporters.JUnitReportReporter -->
<testsuite hostname="DESKTOP-TCCOMSR" failures="0" tests="1" name="datepicker.DatePicketDemo1" time="4.972" errors="0" timestamp="2022-12-13T10:59:15 GMT+01:00" skipped="0">
  <testcase classname="datepicker.DatePicketDemo1" name="search" time="4.972"/>
  <system-out/>
</testsuite> <!-- datepicker.DatePicketDemo1 -->
