<?xml version="1.0" encoding="UTF-8"?>
<!-- Generated by org.testng.reporters.JUnitReportReporter -->
<testsuite hostname="DESKTOP-TCCOMSR" failures="0" tests="2" name="datepicker.BookingSearch" time="5.279" errors="0" timestamp="2022-12-14T10:59:02 GMT+01:00" skipped="0">
  <testcase classname="datepicker.BookingSearch" name="bookingsearchdatedepart" time="2.544"/>
  <system-out/>
  <testcase classname="datepicker.BookingSearch" name="bookingsearchdate" time="2.735"/>
  <system-out/>
</testsuite> <!-- datepicker.BookingSearch -->
