<?xml version="1.0" encoding="UTF-8"?>
<!-- Generated by org.testng.reporters.JUnitReportReporter -->
<testsuite hostname="DESKTOP-TCCOMSR" failures="0" tests="2" name="ui.VerifyTitleandText" time="10.006" errors="0" timestamp="2022-07-13T14:01:53 GMT+01:00" skipped="0">
  <testcase classname="ui.VerifyTitleandText" name="testTitle" time="6.401"/>
  <system-out/>
  <testcase classname="ui.VerifyTitleandText" name="testTitle" time="3.605"/>
  <system-out/>
</testsuite> <!-- ui.VerifyTitleandText -->
