<?xml version="1.0" encoding="UTF-8"?>
<!-- Generated by org.testng.reporters.JUnitReportReporter -->
<testsuite hostname="DESKTOP-TCCOMSR" failures="0" tests="4" name="ui.R_AddProductShopCard" time="14.590" errors="0" timestamp="2023-02-03T14:00:49 GMT+01:00" skipped="0">
  <testcase classname="ui.R_AddProductShopCard" name="searchwithsuggest" time="3.080"/>
  <system-out/>
  <testcase classname="ui.R_AddProductShopCard" name="userAddPriductCard" time="2.423"/>
  <system-out/>
  <testcase classname="ui.R_AddProductShopCard" name="addQunatity" time="4.620"/>
  <system-out/>
  <testcase classname="ui.R_AddProductShopCard" name="UserCanRemoveProductFromCart" time="4.467"/>
  <system-out/>
</testsuite> <!-- ui.R_AddProductShopCard -->
