<?xml version="1.0" encoding="UTF-8"?>
<!-- Generated by org.testng.reporters.JUnitReportReporter -->
<testsuite hostname="DESKTOP-TCCOMSR" failures="0" tests="3" name="ui.SkipDemo" time="0.015" errors="0" timestamp="2022-07-14T13:22:32 GMT+01:00" skipped="1">
  <testcase classname="ui.SkipDemo" name="skipTest2" time="0.001"/>
  <system-out/>
  <testcase classname="ui.SkipDemo" name="skipTest" time="0.012"/>
  <system-out/>
  <testcase classname="ui.SkipDemo" name="skipTest1" time="0.002">
    <skipped/>
  </testcase> <!-- skipTest1 -->
  <system-out/>
</testsuite> <!-- ui.SkipDemo -->
