<?xml version="1.0" encoding="UTF-8"?>
<!-- Generated by org.testng.reporters.JUnitReportReporter -->
<testsuite hostname="DESKTOP-TCCOMSR" failures="0" tests="5" name="booking.BookingSearch" time="17.732" errors="0" timestamp="2023-01-12T16:41:46 GMT+01:00" skipped="0">
  <testcase classname="booking.BookingSearch" name="Hammamet" time="3.236"/>
  <system-out/>
  <testcase classname="booking.BookingSearch" name="bookingsearchdate" time="2.523"/>
  <system-out/>
  <testcase classname="booking.BookingSearch" name="bookingsearchdatedepart" time="2.551"/>
  <system-out/>
  <testcase classname="booking.BookingSearch" name="ageEnfant" time="4.400"/>
  <system-out/>
  <testcase classname="booking.BookingSearch" name="selectroom" time="5.022"/>
  <system-out/>
</testsuite> <!-- booking.BookingSearch -->
