<?xml version="1.0" encoding="UTF-8"?>
<!-- Generated by org.testng.reporters.JUnitReportReporter -->
<testsuite hostname="DESKTOP-TCCOMSR" failures="0" tests="1" name="assuranceAutomation.TC001_GET_request" time="2.415" errors="0" timestamp="2022-08-31T13:01:44 GMT+01:00" skipped="0">
  <testcase classname="assuranceAutomation.TC001_GET_request" name="getDetail" time="2.415"/>
  <system-out/>
</testsuite> <!-- assuranceAutomation.TC001_GET_request -->
