<?xml version="1.0" encoding="UTF-8"?>
<!-- Generated by org.testng.reporters.JUnitReportReporter -->
<testsuite hostname="DESKTOP-TCCOMSR" failures="0" tests="7" name="ui.DemoProvider2" time="0.021" errors="0" timestamp="2022-12-14T09:07:52 GMT+01:00" skipped="0">
  <testcase classname="ui.DemoProvider2" name="test" time="0.001"/>
  <system-out/>
  <testcase classname="ui.DemoProvider2" name="test1" time="0.004"/>
  <system-out/>
  <testcase classname="ui.DemoProvider2" name="test" time="0.011"/>
  <system-out/>
  <testcase classname="ui.DemoProvider2" name="test" time="0.001"/>
  <system-out/>
  <testcase classname="ui.DemoProvider2" name="test1" time="0.002"/>
  <system-out/>
  <testcase classname="ui.DemoProvider2" name="test1" time="0.001"/>
  <system-out/>
  <testcase classname="ui.DemoProvider2" name="test" time="0.001"/>
  <system-out/>
</testsuite> <!-- ui.DemoProvider2 -->
