<?xml version="1.0" encoding="UTF-8"?>
<!-- Generated by org.testng.reporters.JUnitReportReporter -->
<testsuite hostname="DESKTOP-TCCOMSR" failures="0" tests="4" name="ui.GroupTest" time="0.020" errors="0" timestamp="2022-07-20T13:35:35 GMT+01:00" skipped="0">
  <testcase classname="ui.GroupTest" name="bTest2" time="0.011"/>
  <system-out/>
  <testcase classname="ui.GroupTest" name="bTest3" time="0.003"/>
  <system-out/>
  <testcase classname="ui.GroupTest" name="aTest1" time="0.003"/>
  <system-out/>
  <testcase classname="ui.GroupTest" name="aTest2" time="0.003"/>
  <system-out/>
</testsuite> <!-- ui.GroupTest -->
