<?xml version="1.0" encoding="UTF-8"?>
<!-- Generated by org.testng.reporters.JUnitReportReporter -->
<testsuite hostname="DESKTOP-TCCOMSR" failures="0" tests="7" name="ui.DataProvidTest" time="0.021" errors="0" timestamp="2022-07-15T09:18:14 GMT+01:00" skipped="0">
  <testcase classname="ui.DataProvidTest" name="test1" time="0.002"/>
  <system-out/>
  <testcase classname="ui.DataProvidTest" name="test" time="0.010"/>
  <system-out/>
  <testcase classname="ui.DataProvidTest" name="test" time="0.001"/>
  <system-out/>
  <testcase classname="ui.DataProvidTest" name="test1" time="0.005"/>
  <system-out/>
  <testcase classname="ui.DataProvidTest" name="test" time="0.001"/>
  <system-out/>
  <testcase classname="ui.DataProvidTest" name="test" time="0.001"/>
  <system-out/>
  <testcase classname="ui.DataProvidTest" name="test1" time="0.001"/>
  <system-out/>
</testsuite> <!-- ui.DataProvidTest -->
