<?xml version="1.0" encoding="UTF-8"?>
<!-- Generated by org.testng.reporters.JUnitReportReporter -->
<testsuite hostname="DESKTOP-TCCOMSR" failures="0" tests="1" name="datadrivertestng.DataDrivenAddNewEmpl" time="3.310" errors="0" timestamp="2022-12-08T13:18:09 GMT+01:00" skipped="0">
  <testcase classname="datadrivertestng.DataDrivenAddNewEmpl" name="postNewEmploye" time="3.310"/>
  <system-out/>
</testsuite> <!-- datadrivertestng.DataDrivenAddNewEmpl -->
