<?xml version="1.0" encoding="UTF-8"?>
<!-- Generated by org.testng.reporters.JUnitReportReporter -->
<testsuite hostname="DESKTOP-TCCOMSR" failures="0" tests="4" name="ui.DemoProvider" time="13.599" errors="0" timestamp="2022-08-18T14:32:01 GMT+01:00" skipped="0">
  <testcase classname="ui.DemoProvider" name="testDemo" time="2.974"/>
  <system-out/>
  <testcase classname="ui.DemoProvider" name="testDemo" time="7.206"/>
  <system-out/>
  <testcase classname="ui.DemoProvider" name="testDemo" time="1.818"/>
  <system-out/>
  <testcase classname="ui.DemoProvider" name="testDemo" time="1.601"/>
  <system-out/>
</testsuite> <!-- ui.DemoProvider -->
