<?xml version="1.0" encoding="UTF-8"?>
<!-- Generated by org.testng.reporters.JUnitReportReporter -->
<testsuite hostname="DESKTOP-TCCOMSR" failures="0" tests="4" name="ui.GroupTest" time="0.011" errors="0" timestamp="2022-12-02T11:25:28 GMT+01:00" skipped="0">
  <testcase classname="ui.GroupTest" name="aTest" time="0.006"/>
  <system-out/>
  <testcase classname="ui.GroupTest" name="bTest" time="0.001"/>
  <system-out/>
  <testcase classname="ui.GroupTest" name="cTest" time="0.002"/>
  <system-out/>
  <testcase classname="ui.GroupTest" name="dTest" time="0.002"/>
  <system-out/>
</testsuite> <!-- ui.GroupTest -->
