<?xml version="1.0" encoding="UTF-8"?>
<!-- Generated by org.testng.reporters.JUnitReportReporter -->
<testsuite hostname="DESKTOP-TCCOMSR" failures="0" tests="2" name="register_User.R_ChangeCurrencyTest" time="3.740" errors="0" timestamp="2023-02-07T14:55:18 GMT+01:00" skipped="0">
  <testcase classname="register_User.R_ChangeCurrencyTest" name="changecurrency" time="0.706"/>
  <system-out/>
  <testcase classname="register_User.R_ChangeCurrencyTest" name="UserCanSearchWithAutoSuggest" time="3.034"/>
  <system-out/>
</testsuite> <!-- register_User.R_ChangeCurrencyTest -->
