<?xml version="1.0" encoding="UTF-8"?>
<!-- Generated by org.testng.reporters.JUnitReportReporter -->
<testsuite hostname="DESKTOP-TCCOMSR" failures="0" tests="3" name="datadrivertestng.DataDrivenAddNewEmplL" time="4.380" errors="0" timestamp="2022-12-07T16:38:58 GMT+01:00" skipped="0">
  <testcase classname="datadrivertestng.DataDrivenAddNewEmplL" name="postNewEmployeL" time="2.954"/>
  <system-out/>
  <testcase classname="datadrivertestng.DataDrivenAddNewEmplL" name="postNewEmployeL" time="0.707"/>
  <system-out/>
  <testcase classname="datadrivertestng.DataDrivenAddNewEmplL" name="postNewEmployeL" time="0.719"/>
  <system-out/>
</testsuite> <!-- datadrivertestng.DataDrivenAddNewEmplL -->
