<?xml version="1.0" encoding="UTF-8"?>
<!-- Generated by org.testng.reporters.JUnitReportReporter -->
<testsuite hostname="DESKTOP-TCCOMSR" failures="0" tests="7" name="ui.DemoProvider2" time="0.015" errors="0" timestamp="2022-07-15T14:57:04 GMT+01:00" skipped="0">
  <testcase classname="ui.DemoProvider2" name="test" time="0.009"/>
  <system-out/>
  <testcase classname="ui.DemoProvider2" name="test" time="0.001"/>
  <system-out/>
  <testcase classname="ui.DemoProvider2" name="test" time="0.001"/>
  <system-out/>
  <testcase classname="ui.DemoProvider2" name="test1" time="0.003"/>
  <system-out/>
  <testcase classname="ui.DemoProvider2" name="test1" time="0.000"/>
  <system-out/>
  <testcase classname="ui.DemoProvider2" name="test1" time="0.000"/>
  <system-out/>
  <testcase classname="ui.DemoProvider2" name="test" time="0.001"/>
  <system-out/>
</testsuite> <!-- ui.DemoProvider2 -->
