<?xml version="1.0" encoding="UTF-8"?>
<!-- Generated by org.testng.reporters.JUnitReportReporter -->
<testsuite hostname="DESKTOP-TCCOMSR" failures="0" tests="1" name="ui.ListenerDemo" time="1.941" errors="0" timestamp="2022-07-21T11:39:35 GMT+01:00" skipped="0">
  <testcase classname="ui.ListenerDemo" name="lanchBrowser" time="1.941"/>
  <system-out/>
</testsuite> <!-- ui.ListenerDemo -->
