<?xml version="1.0" encoding="UTF-8"?>
<!-- Generated by org.testng.reporters.JUnitReportReporter -->
<testsuite hostname="DESKTOP-TCCOMSR" failures="0" tests="3" name="register_User.R_RegisterFileProperties" time="5.605" errors="0" timestamp="2023-01-25T12:08:27 GMT+01:00" skipped="0">
  <testcase classname="register_User.R_RegisterFileProperties" name="userlogoutproperties" time="0.606"/>
  <system-out/>
  <testcase classname="register_User.R_RegisterFileProperties" name="resgisteruserFileProperties" time="2.900"/>
  <system-out/>
  <testcase classname="register_User.R_RegisterFileProperties" name="userloginproperties" time="2.099"/>
  <system-out/>
</testsuite> <!-- register_User.R_RegisterFileProperties -->
