<?xml version="1.0" encoding="UTF-8"?>
<!-- Generated by org.testng.reporters.JUnitReportReporter -->
<testsuite hostname="DESKTOP-TCCOMSR" failures="0" tests="2" name="ui.VerifyTitle" time="5.346" errors="0" timestamp="2022-07-13T14:01:53 GMT+01:00" skipped="0">
  <testcase classname="ui.VerifyTitle" name="testTitle" time="2.505"/>
  <system-out/>
  <testcase classname="ui.VerifyTitle" name="testTitle" time="2.841"/>
  <system-out/>
</testsuite> <!-- ui.VerifyTitle -->
