<?xml version="1.0" encoding="UTF-8"?>
<!-- Generated by org.testng.reporters.JUnitReportReporter -->
<testsuite hostname="DESKTOP-TCCOMSR" failures="0" tests="3" name="ui.SkipDemo" time="0.013" errors="0" timestamp="2022-12-02T11:54:29 GMT+01:00" skipped="2">
  <testcase classname="ui.SkipDemo" name="skipTest1" time="0.012">
    <skipped/>
  </testcase> <!-- skipTest1 -->
  <system-out/>
  <testcase classname="ui.SkipDemo" name="skipTest2" time="0.001"/>
  <system-out/>
  <testcase classname="ui.SkipDemo" name="skipTest">
    <skipped/>
  </testcase> <!-- skipTest -->
  <system-out/>
</testsuite> <!-- ui.SkipDemo -->
