<?xml version="1.0" encoding="UTF-8"?>
<!-- Generated by org.testng.reporters.JUnitReportReporter -->
<testsuite hostname="DESKTOP-TCCOMSR" failures="0" tests="3" name="register_User.R_RegisterFileProperties" time="4.024" errors="0" timestamp="2023-01-24T17:41:17 GMT+01:00" skipped="0">
  <testcase classname="register_User.R_RegisterFileProperties" name="userlogoutproperties" time="0.610"/>
  <system-out/>
  <testcase classname="register_User.R_RegisterFileProperties" name="resgisteruserFileProperties" time="2.238"/>
  <system-out/>
  <testcase classname="register_User.R_RegisterFileProperties" name="userloginproperties" time="1.176"/>
  <system-out/>
</testsuite> <!-- register_User.R_RegisterFileProperties -->
