<?xml version="1.0" encoding="UTF-8"?>
<!-- Generated by org.testng.reporters.JUnitReportReporter -->
<testsuite hostname="DESKTOP-TCCOMSR" failures="0" tests="3" name="register_User.R_ProductWhiteList" time="8.456" errors="0" timestamp="2023-02-07T12:13:35 GMT+01:00" skipped="0">
  <testcase classname="register_User.R_ProductWhiteList" name="searchProdcutSuggest" time="3.000"/>
  <system-out/>
  <testcase classname="register_User.R_ProductWhiteList" name="addproductWhitelist" time="5.070"/>
  <system-out/>
  <testcase classname="register_User.R_ProductWhiteList" name="UserCanRemoveProductFromCart" time="0.386"/>
  <system-out/>
</testsuite> <!-- register_User.R_ProductWhiteList -->
