<?xml version="1.0" encoding="UTF-8"?>
<!-- Generated by org.testng.reporters.JUnitReportReporter -->
<testsuite hostname="DESKTOP-TCCOMSR" failures="0" tests="7" name="ui.DemoProvider2" time="0.020" errors="0" timestamp="2022-12-02T15:54:33 GMT+01:00" skipped="0">
  <testcase classname="ui.DemoProvider2" name="test" time="0.010"/>
  <system-out/>
  <testcase classname="ui.DemoProvider2" name="test" time="0.001"/>
  <system-out/>
  <testcase classname="ui.DemoProvider2" name="test1" time="0.005"/>
  <system-out/>
  <testcase classname="ui.DemoProvider2" name="test" time="0.001"/>
  <system-out/>
  <testcase classname="ui.DemoProvider2" name="test1" time="0.001"/>
  <system-out/>
  <testcase classname="ui.DemoProvider2" name="test1" time="0.001"/>
  <system-out/>
  <testcase classname="ui.DemoProvider2" name="test" time="0.001"/>
  <system-out/>
</testsuite> <!-- ui.DemoProvider2 -->
